Build started 12/28/2016 9:31:33 PM.
     1>Project "C:\Users\Aleksander\Desktop\Projects\WindowsFormsLab\WindowsFormsLab\WindowsFormsLab.vcxproj" on node 2 (build target(s)).
     1>InitializeBuildStatus:
         Touching "Debug\WindowsFormsLab.unsuccessfulbuild".
       GenerateTargetFrameworkMonikerAttribute:
       Skipping target "GenerateTargetFrameworkMonikerAttribute" because all output files are up-to-date with respect to the input files.
       ClCompile:
         All outputs are up-to-date.
         c:\Program Files (x86)\Microsoft Visual Studio 10.0\VC\bin\CL.exe /c /AI"C:\Program Files (x86)\Reference Assemblies\Microsoft\Framework\.NETFramework\v4.0" /Zi /clr /nologo /W3 /WX- /Od /Oy- /D WIN32 /D _DEBUG /D _UNICODE /D UNICODE /EHa /MDd /GS /fp:precise /Zc:wchar_t /Zc:forScope /Yu"StdAfx.h" /Fp"Debug\WindowsFormsLab.pch" /Fo"Debug\\" /Fd"Debug\vc100.pdb" /TP /FU"C:\Program Files (x86)\Reference Assemblies\Microsoft\Framework\.NETFramework\v4.0\PresentationCore.dll" /FU"C:\Program Files (x86)\Reference Assemblies\Microsoft\Framework\.NETFramework\v4.0\PresentationFramework.dll" /FU"C:\Program Files (x86)\Reference Assemblies\Microsoft\Framework\.NETFramework\v4.0\System.Core.dll" /FU"C:\Program Files (x86)\Reference Assemblies\Microsoft\Framework\.NETFramework\v4.0\System.Data.dll" /FU"C:\Program Files (x86)\Reference Assemblies\Microsoft\Framework\.NETFramework\v4.0\System.dll" /FU"C:\Program Files (x86)\Reference Assemblies\Microsoft\Framework\.NETFramework\v4.0\System.Drawing.dll" /FU"C:\Program Files (x86)\Reference Assemblies\Microsoft\Framework\.NETFramework\v4.0\System.Windows.Forms.dll" /FU"C:\Program Files (x86)\Reference Assemblies\Microsoft\Framework\.NETFramework\v4.0\System.Xaml.dll" /FU"C:\Program Files (x86)\Reference Assemblies\Microsoft\Framework\.NETFramework\v4.0\System.Xml.dll" /FU"C:\Program Files (x86)\Reference Assemblies\Microsoft\Framework\.NETFramework\v4.0\UIAutomationProvider.dll" /FU"C:\Program Files (x86)\Reference Assemblies\Microsoft\Framework\.NETFramework\v4.0\WindowsBase.dll" /FU"C:\Program Files (x86)\Reference Assemblies\Microsoft\Framework\.NETFramework\v4.0\WindowsFormsIntegration.dll" /analyze- /errorReport:prompt WindowsFormsLab.cpp /clr:nostdlib 
         WindowsFormsLab.cpp
         All outputs are up-to-date.
       CoreResGen:
         No resources are out of date with respect to their source files. Skipping resource generation.
       ResourceCompile:
         All outputs are up-to-date.
       Link:
         c:\Program Files (x86)\Microsoft Visual Studio 10.0\VC\bin\link.exe /ERRORREPORT:PROMPT /OUT:"C:\Users\Aleksander\Desktop\Projects\WindowsFormsLab\Debug\WindowsFormsLab.exe" /INCREMENTAL /NOLOGO /ASSEMBLYRESOURCE:Debug\WindowsFormsLab.Form1.resources /MANIFEST /ManifestFile:"Debug\WindowsFormsLab.exe.intermediate.manifest" /MANIFESTUAC:"level='asInvoker' uiAccess='false'" /DEBUG /PDB:"C:\Users\Aleksander\Desktop\Projects\WindowsFormsLab\Debug\WindowsFormsLab.pdb" /ASSEMBLYDEBUG /SUBSYSTEM:WINDOWS /TLBID:1 /ENTRY:"main" /DYNAMICBASE /FIXED:NO /NXCOMPAT /MACHINE:X86 Debug\app.res
         Debug\AssemblyInfo.obj
         Debug\mappingnet.obj
         Debug\ModelView.obj
         Debug\stdafx.obj
         Debug\WindowsFormsLab.obj
         "Debug\.NETFramework,Version=v4.0.AssemblyAttributes.obj"
         WindowsFormsLab.vcxproj -> C:\Users\Aleksander\Desktop\Projects\WindowsFormsLab\Debug\WindowsFormsLab.exe
       Manifest:
         C:\Program Files (x86)\Microsoft SDKs\Windows\v7.0A\bin\mt.exe /nologo /verbose /outputresource:"C:\Users\Aleksander\Desktop\Projects\WindowsFormsLab\Debug\WindowsFormsLab.exe;#1" /manifest Debug\WindowsFormsLab.exe.intermediate.manifest
       FinalizeBuildStatus:
         Deleting file "Debug\WindowsFormsLab.unsuccessfulbuild".
         Touching "Debug\WindowsFormsLab.lastbuildstate".
     1>Done Building Project "C:\Users\Aleksander\Desktop\Projects\WindowsFormsLab\WindowsFormsLab\WindowsFormsLab.vcxproj" (build target(s)).

Build succeeded.

Time Elapsed 00:00:02.73
