c:\users\aleksander\desktop\projects\windowsformslab\windowsformslab\debug\windowsformslab.obj
c:\users\aleksander\desktop\projects\windowsformslab\windowsformslab\debug\assemblyinfo.obj
c:\users\aleksander\desktop\projects\windowsformslab\windowsformslab\debug\.netframework,version=v4.0.assemblyattributes.obj
c:\users\aleksander\desktop\projects\windowsformslab\windowsformslab\debug\vc100.pdb
c:\users\aleksander\desktop\projects\windowsformslab\windowsformslab\debug\windowsformslab.pch
c:\users\aleksander\desktop\projects\windowsformslab\windowsformslab\debug\stdafx.obj
c:\users\aleksander\desktop\projects\windowsformslab\windowsformslab\debug\mappingnet.obj
c:\users\aleksander\desktop\projects\windowsformslab\windowsformslab\debug\modelview.obj
c:\users\aleksander\desktop\projects\windowsformslab\debug\windowsformslab.ilk
c:\users\aleksander\desktop\projects\windowsformslab\debug\windowsformslab.exe
c:\users\aleksander\desktop\projects\windowsformslab\windowsformslab\debug\windowsformslab.exe.intermediate.manifest
c:\users\aleksander\desktop\projects\windowsformslab\debug\windowsformslab.pdb
c:\users\aleksander\desktop\projects\windowsformslab\windowsformslab\debug\app.res
c:\files\map2dimageto3dcadmodel\windowsformslab\debug\windowsformslab.pch
c:\files\map2dimageto3dcadmodel\windowsformslab\debug\vc143.pdb
c:\files\map2dimageto3dcadmodel\windowsformslab\debug\stdafx.obj
c:\files\map2dimageto3dcadmodel\windowsformslab\debug\windowsformslab.obj
c:\files\map2dimageto3dcadmodel\windowsformslab\debug\modelview.obj
c:\files\map2dimageto3dcadmodel\windowsformslab\debug\mappingnet.obj
c:\files\map2dimageto3dcadmodel\windowsformslab\debug\assemblyinfo.obj
c:\files\map2dimageto3dcadmodel\windowsformslab\debug\.netframework,version=v4.7.2.assemblyattributes.obj
c:\files\map2dimageto3dcadmodel\windowsformslab\debug\app.res
c:\files\map2dimageto3dcadmodel\debug\windowsformslab.exe
c:\files\map2dimageto3dcadmodel\windowsformslab\debug\windowsformslab.vcxproj.assemblyreference.cache
c:\files\map2dimageto3dcadmodel\windowsformslab\debug\windowsformslab.vcxproj.generateresource.cache
c:\files\map2dimageto3dcadmodel\windowsformslab\debug\windowsformslab.vcxprojresolveassemblyreference.cache
c:\files\map2dimageto3dcadmodel\windowsformslab\debug\windowsformslab.form1.resources
c:\files\map2dimageto3dcadmodel\windowsformslab\debug\cl.command.1.tlog
c:\files\map2dimageto3dcadmodel\windowsformslab\debug\cl.read.1.tlog
c:\files\map2dimageto3dcadmodel\windowsformslab\debug\cl.write.1.tlog
c:\files\map2dimageto3dcadmodel\windowsformslab\debug\link.10368-cvtres.read.1.tlog
c:\files\map2dimageto3dcadmodel\windowsformslab\debug\link.10368-cvtres.write.1.tlog
c:\files\map2dimageto3dcadmodel\windowsformslab\debug\link.10368.read.1.tlog
c:\files\map2dimageto3dcadmodel\windowsformslab\debug\link.10368.write.1.tlog
c:\files\map2dimageto3dcadmodel\windowsformslab\debug\link.10724-cvtres.read.1.tlog
c:\files\map2dimageto3dcadmodel\windowsformslab\debug\link.10724-cvtres.write.1.tlog
c:\files\map2dimageto3dcadmodel\windowsformslab\debug\link.10724.read.1.tlog
c:\files\map2dimageto3dcadmodel\windowsformslab\debug\link.10724.write.1.tlog
c:\files\map2dimageto3dcadmodel\windowsformslab\debug\link.10828-cvtres.read.1.tlog
c:\files\map2dimageto3dcadmodel\windowsformslab\debug\link.10828-cvtres.write.1.tlog
c:\files\map2dimageto3dcadmodel\windowsformslab\debug\link.10828.read.1.tlog
c:\files\map2dimageto3dcadmodel\windowsformslab\debug\link.10828.write.1.tlog
c:\files\map2dimageto3dcadmodel\windowsformslab\debug\link.11880-cvtres.read.1.tlog
c:\files\map2dimageto3dcadmodel\windowsformslab\debug\link.11880-cvtres.write.1.tlog
c:\files\map2dimageto3dcadmodel\windowsformslab\debug\link.11880.read.1.tlog
c:\files\map2dimageto3dcadmodel\windowsformslab\debug\link.11880.write.1.tlog
c:\files\map2dimageto3dcadmodel\windowsformslab\debug\link.12276-cvtres.read.1.tlog
c:\files\map2dimageto3dcadmodel\windowsformslab\debug\link.12276-cvtres.write.1.tlog
c:\files\map2dimageto3dcadmodel\windowsformslab\debug\link.12276.read.1.tlog
c:\files\map2dimageto3dcadmodel\windowsformslab\debug\link.12276.write.1.tlog
c:\files\map2dimageto3dcadmodel\windowsformslab\debug\link.14076-cvtres.read.1.tlog
c:\files\map2dimageto3dcadmodel\windowsformslab\debug\link.14076-cvtres.write.1.tlog
c:\files\map2dimageto3dcadmodel\windowsformslab\debug\link.14076.read.1.tlog
c:\files\map2dimageto3dcadmodel\windowsformslab\debug\link.14076.write.1.tlog
c:\files\map2dimageto3dcadmodel\windowsformslab\debug\link.14200-cvtres.read.1.tlog
c:\files\map2dimageto3dcadmodel\windowsformslab\debug\link.14200-cvtres.write.1.tlog
c:\files\map2dimageto3dcadmodel\windowsformslab\debug\link.14200.read.1.tlog
c:\files\map2dimageto3dcadmodel\windowsformslab\debug\link.14200.write.1.tlog
c:\files\map2dimageto3dcadmodel\windowsformslab\debug\link.15756-cvtres.read.1.tlog
c:\files\map2dimageto3dcadmodel\windowsformslab\debug\link.15756-cvtres.write.1.tlog
c:\files\map2dimageto3dcadmodel\windowsformslab\debug\link.15756.read.1.tlog
c:\files\map2dimageto3dcadmodel\windowsformslab\debug\link.15756.write.1.tlog
c:\files\map2dimageto3dcadmodel\windowsformslab\debug\link.15988-cvtres.read.1.tlog
c:\files\map2dimageto3dcadmodel\windowsformslab\debug\link.15988-cvtres.write.1.tlog
c:\files\map2dimageto3dcadmodel\windowsformslab\debug\link.15988.read.1.tlog
c:\files\map2dimageto3dcadmodel\windowsformslab\debug\link.15988.write.1.tlog
c:\files\map2dimageto3dcadmodel\windowsformslab\debug\link.16172-cvtres.read.1.tlog
c:\files\map2dimageto3dcadmodel\windowsformslab\debug\link.16172-cvtres.write.1.tlog
c:\files\map2dimageto3dcadmodel\windowsformslab\debug\link.16172.read.1.tlog
c:\files\map2dimageto3dcadmodel\windowsformslab\debug\link.16172.write.1.tlog
c:\files\map2dimageto3dcadmodel\windowsformslab\debug\link.16324-cvtres.read.1.tlog
c:\files\map2dimageto3dcadmodel\windowsformslab\debug\link.16324-cvtres.write.1.tlog
c:\files\map2dimageto3dcadmodel\windowsformslab\debug\link.16324.read.1.tlog
c:\files\map2dimageto3dcadmodel\windowsformslab\debug\link.16324.write.1.tlog
c:\files\map2dimageto3dcadmodel\windowsformslab\debug\link.18928-cvtres.read.1.tlog
c:\files\map2dimageto3dcadmodel\windowsformslab\debug\link.18928-cvtres.write.1.tlog
c:\files\map2dimageto3dcadmodel\windowsformslab\debug\link.18928.read.1.tlog
c:\files\map2dimageto3dcadmodel\windowsformslab\debug\link.18928.write.1.tlog
c:\files\map2dimageto3dcadmodel\windowsformslab\debug\link.19704-cvtres.read.1.tlog
c:\files\map2dimageto3dcadmodel\windowsformslab\debug\link.19704-cvtres.write.1.tlog
c:\files\map2dimageto3dcadmodel\windowsformslab\debug\link.19704.read.1.tlog
c:\files\map2dimageto3dcadmodel\windowsformslab\debug\link.19704.write.1.tlog
c:\files\map2dimageto3dcadmodel\windowsformslab\debug\link.19864-cvtres.read.1.tlog
c:\files\map2dimageto3dcadmodel\windowsformslab\debug\link.19864-cvtres.write.1.tlog
c:\files\map2dimageto3dcadmodel\windowsformslab\debug\link.19864.read.1.tlog
c:\files\map2dimageto3dcadmodel\windowsformslab\debug\link.19864.write.1.tlog
c:\files\map2dimageto3dcadmodel\windowsformslab\debug\link.20404-cvtres.read.1.tlog
c:\files\map2dimageto3dcadmodel\windowsformslab\debug\link.20404-cvtres.write.1.tlog
c:\files\map2dimageto3dcadmodel\windowsformslab\debug\link.20404.read.1.tlog
c:\files\map2dimageto3dcadmodel\windowsformslab\debug\link.20404.write.1.tlog
c:\files\map2dimageto3dcadmodel\windowsformslab\debug\link.20764-cvtres.read.1.tlog
c:\files\map2dimageto3dcadmodel\windowsformslab\debug\link.20764-cvtres.write.1.tlog
c:\files\map2dimageto3dcadmodel\windowsformslab\debug\link.20764.read.1.tlog
c:\files\map2dimageto3dcadmodel\windowsformslab\debug\link.20764.write.1.tlog
c:\files\map2dimageto3dcadmodel\windowsformslab\debug\link.21704-cvtres.read.1.tlog
c:\files\map2dimageto3dcadmodel\windowsformslab\debug\link.21704-cvtres.write.1.tlog
c:\files\map2dimageto3dcadmodel\windowsformslab\debug\link.21704.read.1.tlog
c:\files\map2dimageto3dcadmodel\windowsformslab\debug\link.21704.write.1.tlog
c:\files\map2dimageto3dcadmodel\windowsformslab\debug\link.21920-cvtres.read.1.tlog
c:\files\map2dimageto3dcadmodel\windowsformslab\debug\link.21920-cvtres.write.1.tlog
c:\files\map2dimageto3dcadmodel\windowsformslab\debug\link.21920.read.1.tlog
c:\files\map2dimageto3dcadmodel\windowsformslab\debug\link.21920.write.1.tlog
c:\files\map2dimageto3dcadmodel\windowsformslab\debug\link.22652-cvtres.read.1.tlog
c:\files\map2dimageto3dcadmodel\windowsformslab\debug\link.22652-cvtres.write.1.tlog
c:\files\map2dimageto3dcadmodel\windowsformslab\debug\link.22652.read.1.tlog
c:\files\map2dimageto3dcadmodel\windowsformslab\debug\link.22652.write.1.tlog
c:\files\map2dimageto3dcadmodel\windowsformslab\debug\link.2276-cvtres.read.1.tlog
c:\files\map2dimageto3dcadmodel\windowsformslab\debug\link.2276-cvtres.write.1.tlog
c:\files\map2dimageto3dcadmodel\windowsformslab\debug\link.2276.read.1.tlog
c:\files\map2dimageto3dcadmodel\windowsformslab\debug\link.2276.write.1.tlog
c:\files\map2dimageto3dcadmodel\windowsformslab\debug\link.23464-cvtres.read.1.tlog
c:\files\map2dimageto3dcadmodel\windowsformslab\debug\link.23464-cvtres.write.1.tlog
c:\files\map2dimageto3dcadmodel\windowsformslab\debug\link.23464.read.1.tlog
c:\files\map2dimageto3dcadmodel\windowsformslab\debug\link.23464.write.1.tlog
c:\files\map2dimageto3dcadmodel\windowsformslab\debug\link.24696-cvtres.read.1.tlog
c:\files\map2dimageto3dcadmodel\windowsformslab\debug\link.24696-cvtres.write.1.tlog
c:\files\map2dimageto3dcadmodel\windowsformslab\debug\link.24696.read.1.tlog
c:\files\map2dimageto3dcadmodel\windowsformslab\debug\link.24696.write.1.tlog
c:\files\map2dimageto3dcadmodel\windowsformslab\debug\link.26016-cvtres.read.1.tlog
c:\files\map2dimageto3dcadmodel\windowsformslab\debug\link.26016-cvtres.write.1.tlog
c:\files\map2dimageto3dcadmodel\windowsformslab\debug\link.26016.read.1.tlog
c:\files\map2dimageto3dcadmodel\windowsformslab\debug\link.26016.write.1.tlog
c:\files\map2dimageto3dcadmodel\windowsformslab\debug\link.26300-cvtres.read.1.tlog
c:\files\map2dimageto3dcadmodel\windowsformslab\debug\link.26300-cvtres.write.1.tlog
c:\files\map2dimageto3dcadmodel\windowsformslab\debug\link.26300.read.1.tlog
c:\files\map2dimageto3dcadmodel\windowsformslab\debug\link.26300.write.1.tlog
c:\files\map2dimageto3dcadmodel\windowsformslab\debug\link.26612-cvtres.read.1.tlog
c:\files\map2dimageto3dcadmodel\windowsformslab\debug\link.26612-cvtres.write.1.tlog
c:\files\map2dimageto3dcadmodel\windowsformslab\debug\link.26612.read.1.tlog
c:\files\map2dimageto3dcadmodel\windowsformslab\debug\link.26612.write.1.tlog
c:\files\map2dimageto3dcadmodel\windowsformslab\debug\link.26892-cvtres.read.1.tlog
c:\files\map2dimageto3dcadmodel\windowsformslab\debug\link.26892-cvtres.write.1.tlog
c:\files\map2dimageto3dcadmodel\windowsformslab\debug\link.26892.read.1.tlog
c:\files\map2dimageto3dcadmodel\windowsformslab\debug\link.26892.write.1.tlog
c:\files\map2dimageto3dcadmodel\windowsformslab\debug\link.27736-cvtres.read.1.tlog
c:\files\map2dimageto3dcadmodel\windowsformslab\debug\link.27736-cvtres.write.1.tlog
c:\files\map2dimageto3dcadmodel\windowsformslab\debug\link.27736.read.1.tlog
c:\files\map2dimageto3dcadmodel\windowsformslab\debug\link.27736.write.1.tlog
c:\files\map2dimageto3dcadmodel\windowsformslab\debug\link.28556-cvtres.read.1.tlog
c:\files\map2dimageto3dcadmodel\windowsformslab\debug\link.28556-cvtres.write.1.tlog
c:\files\map2dimageto3dcadmodel\windowsformslab\debug\link.28556.read.1.tlog
c:\files\map2dimageto3dcadmodel\windowsformslab\debug\link.28556.write.1.tlog
c:\files\map2dimageto3dcadmodel\windowsformslab\debug\link.2872-cvtres.read.1.tlog
c:\files\map2dimageto3dcadmodel\windowsformslab\debug\link.2872-cvtres.write.1.tlog
c:\files\map2dimageto3dcadmodel\windowsformslab\debug\link.2872.read.1.tlog
c:\files\map2dimageto3dcadmodel\windowsformslab\debug\link.2872.write.1.tlog
c:\files\map2dimageto3dcadmodel\windowsformslab\debug\link.28884-cvtres.read.1.tlog
c:\files\map2dimageto3dcadmodel\windowsformslab\debug\link.28884-cvtres.write.1.tlog
c:\files\map2dimageto3dcadmodel\windowsformslab\debug\link.28884.read.1.tlog
c:\files\map2dimageto3dcadmodel\windowsformslab\debug\link.28884.write.1.tlog
c:\files\map2dimageto3dcadmodel\windowsformslab\debug\link.29288-cvtres.read.1.tlog
c:\files\map2dimageto3dcadmodel\windowsformslab\debug\link.29288-cvtres.write.1.tlog
c:\files\map2dimageto3dcadmodel\windowsformslab\debug\link.29288.read.1.tlog
c:\files\map2dimageto3dcadmodel\windowsformslab\debug\link.29288.write.1.tlog
c:\files\map2dimageto3dcadmodel\windowsformslab\debug\link.29812-cvtres.read.1.tlog
c:\files\map2dimageto3dcadmodel\windowsformslab\debug\link.29812-cvtres.write.1.tlog
c:\files\map2dimageto3dcadmodel\windowsformslab\debug\link.29812.read.1.tlog
c:\files\map2dimageto3dcadmodel\windowsformslab\debug\link.29812.write.1.tlog
c:\files\map2dimageto3dcadmodel\windowsformslab\debug\link.30456-cvtres.read.1.tlog
c:\files\map2dimageto3dcadmodel\windowsformslab\debug\link.30456-cvtres.write.1.tlog
c:\files\map2dimageto3dcadmodel\windowsformslab\debug\link.30456.read.1.tlog
c:\files\map2dimageto3dcadmodel\windowsformslab\debug\link.30456.write.1.tlog
c:\files\map2dimageto3dcadmodel\windowsformslab\debug\link.31080-cvtres.read.1.tlog
c:\files\map2dimageto3dcadmodel\windowsformslab\debug\link.31080-cvtres.write.1.tlog
c:\files\map2dimageto3dcadmodel\windowsformslab\debug\link.31080.read.1.tlog
c:\files\map2dimageto3dcadmodel\windowsformslab\debug\link.31080.write.1.tlog
c:\files\map2dimageto3dcadmodel\windowsformslab\debug\link.3216-cvtres.read.1.tlog
c:\files\map2dimageto3dcadmodel\windowsformslab\debug\link.3216-cvtres.write.1.tlog
c:\files\map2dimageto3dcadmodel\windowsformslab\debug\link.3216.read.1.tlog
c:\files\map2dimageto3dcadmodel\windowsformslab\debug\link.3216.write.1.tlog
c:\files\map2dimageto3dcadmodel\windowsformslab\debug\link.32484-cvtres.read.1.tlog
c:\files\map2dimageto3dcadmodel\windowsformslab\debug\link.32484-cvtres.write.1.tlog
c:\files\map2dimageto3dcadmodel\windowsformslab\debug\link.32484.read.1.tlog
c:\files\map2dimageto3dcadmodel\windowsformslab\debug\link.32484.write.1.tlog
c:\files\map2dimageto3dcadmodel\windowsformslab\debug\link.32736-cvtres.read.1.tlog
c:\files\map2dimageto3dcadmodel\windowsformslab\debug\link.32736-cvtres.write.1.tlog
c:\files\map2dimageto3dcadmodel\windowsformslab\debug\link.32736.read.1.tlog
c:\files\map2dimageto3dcadmodel\windowsformslab\debug\link.32736.write.1.tlog
c:\files\map2dimageto3dcadmodel\windowsformslab\debug\link.33412-cvtres.read.1.tlog
c:\files\map2dimageto3dcadmodel\windowsformslab\debug\link.33412-cvtres.write.1.tlog
c:\files\map2dimageto3dcadmodel\windowsformslab\debug\link.33412.read.1.tlog
c:\files\map2dimageto3dcadmodel\windowsformslab\debug\link.33412.write.1.tlog
c:\files\map2dimageto3dcadmodel\windowsformslab\debug\link.33824-cvtres.read.1.tlog
c:\files\map2dimageto3dcadmodel\windowsformslab\debug\link.33824-cvtres.write.1.tlog
c:\files\map2dimageto3dcadmodel\windowsformslab\debug\link.33824.read.1.tlog
c:\files\map2dimageto3dcadmodel\windowsformslab\debug\link.33824.write.1.tlog
c:\files\map2dimageto3dcadmodel\windowsformslab\debug\link.33952-cvtres.read.1.tlog
c:\files\map2dimageto3dcadmodel\windowsformslab\debug\link.33952-cvtres.write.1.tlog
c:\files\map2dimageto3dcadmodel\windowsformslab\debug\link.33952.read.1.tlog
c:\files\map2dimageto3dcadmodel\windowsformslab\debug\link.33952.write.1.tlog
c:\files\map2dimageto3dcadmodel\windowsformslab\debug\link.34128-cvtres.read.1.tlog
c:\files\map2dimageto3dcadmodel\windowsformslab\debug\link.34128-cvtres.write.1.tlog
c:\files\map2dimageto3dcadmodel\windowsformslab\debug\link.34128.read.1.tlog
c:\files\map2dimageto3dcadmodel\windowsformslab\debug\link.34128.write.1.tlog
c:\files\map2dimageto3dcadmodel\windowsformslab\debug\link.34664-cvtres.read.1.tlog
c:\files\map2dimageto3dcadmodel\windowsformslab\debug\link.34664-cvtres.write.1.tlog
c:\files\map2dimageto3dcadmodel\windowsformslab\debug\link.34664.read.1.tlog
c:\files\map2dimageto3dcadmodel\windowsformslab\debug\link.34664.write.1.tlog
c:\files\map2dimageto3dcadmodel\windowsformslab\debug\link.35124-cvtres.read.1.tlog
c:\files\map2dimageto3dcadmodel\windowsformslab\debug\link.35124-cvtres.write.1.tlog
c:\files\map2dimageto3dcadmodel\windowsformslab\debug\link.35124.read.1.tlog
c:\files\map2dimageto3dcadmodel\windowsformslab\debug\link.35124.write.1.tlog
c:\files\map2dimageto3dcadmodel\windowsformslab\debug\link.35400-cvtres.read.1.tlog
c:\files\map2dimageto3dcadmodel\windowsformslab\debug\link.35400-cvtres.write.1.tlog
c:\files\map2dimageto3dcadmodel\windowsformslab\debug\link.35400.read.1.tlog
c:\files\map2dimageto3dcadmodel\windowsformslab\debug\link.35400.write.1.tlog
c:\files\map2dimageto3dcadmodel\windowsformslab\debug\link.37032-cvtres.read.1.tlog
c:\files\map2dimageto3dcadmodel\windowsformslab\debug\link.37032-cvtres.write.1.tlog
c:\files\map2dimageto3dcadmodel\windowsformslab\debug\link.37032.read.1.tlog
c:\files\map2dimageto3dcadmodel\windowsformslab\debug\link.37032.write.1.tlog
c:\files\map2dimageto3dcadmodel\windowsformslab\debug\link.38320-cvtres.read.1.tlog
c:\files\map2dimageto3dcadmodel\windowsformslab\debug\link.38320-cvtres.write.1.tlog
c:\files\map2dimageto3dcadmodel\windowsformslab\debug\link.38320.read.1.tlog
c:\files\map2dimageto3dcadmodel\windowsformslab\debug\link.38320.write.1.tlog
c:\files\map2dimageto3dcadmodel\windowsformslab\debug\link.38792-cvtres.read.1.tlog
c:\files\map2dimageto3dcadmodel\windowsformslab\debug\link.38792-cvtres.write.1.tlog
c:\files\map2dimageto3dcadmodel\windowsformslab\debug\link.38792.read.1.tlog
c:\files\map2dimageto3dcadmodel\windowsformslab\debug\link.38792.write.1.tlog
c:\files\map2dimageto3dcadmodel\windowsformslab\debug\link.39780-cvtres.read.1.tlog
c:\files\map2dimageto3dcadmodel\windowsformslab\debug\link.39780-cvtres.write.1.tlog
c:\files\map2dimageto3dcadmodel\windowsformslab\debug\link.39780.read.1.tlog
c:\files\map2dimageto3dcadmodel\windowsformslab\debug\link.39780.write.1.tlog
c:\files\map2dimageto3dcadmodel\windowsformslab\debug\link.4000-cvtres.read.1.tlog
c:\files\map2dimageto3dcadmodel\windowsformslab\debug\link.4000-cvtres.write.1.tlog
c:\files\map2dimageto3dcadmodel\windowsformslab\debug\link.4000.read.1.tlog
c:\files\map2dimageto3dcadmodel\windowsformslab\debug\link.4000.write.1.tlog
c:\files\map2dimageto3dcadmodel\windowsformslab\debug\link.42080-cvtres.read.1.tlog
c:\files\map2dimageto3dcadmodel\windowsformslab\debug\link.42080-cvtres.write.1.tlog
c:\files\map2dimageto3dcadmodel\windowsformslab\debug\link.42080.read.1.tlog
c:\files\map2dimageto3dcadmodel\windowsformslab\debug\link.42080.write.1.tlog
c:\files\map2dimageto3dcadmodel\windowsformslab\debug\link.42304-cvtres.read.1.tlog
c:\files\map2dimageto3dcadmodel\windowsformslab\debug\link.42304-cvtres.write.1.tlog
c:\files\map2dimageto3dcadmodel\windowsformslab\debug\link.42304.read.1.tlog
c:\files\map2dimageto3dcadmodel\windowsformslab\debug\link.42304.write.1.tlog
c:\files\map2dimageto3dcadmodel\windowsformslab\debug\link.43612-cvtres.read.1.tlog
c:\files\map2dimageto3dcadmodel\windowsformslab\debug\link.43612-cvtres.write.1.tlog
c:\files\map2dimageto3dcadmodel\windowsformslab\debug\link.43612.read.1.tlog
c:\files\map2dimageto3dcadmodel\windowsformslab\debug\link.43612.write.1.tlog
c:\files\map2dimageto3dcadmodel\windowsformslab\debug\link.43732-cvtres.read.1.tlog
c:\files\map2dimageto3dcadmodel\windowsformslab\debug\link.43732-cvtres.write.1.tlog
c:\files\map2dimageto3dcadmodel\windowsformslab\debug\link.43732.read.1.tlog
c:\files\map2dimageto3dcadmodel\windowsformslab\debug\link.43732.write.1.tlog
c:\files\map2dimageto3dcadmodel\windowsformslab\debug\link.43904-cvtres.read.1.tlog
c:\files\map2dimageto3dcadmodel\windowsformslab\debug\link.43904-cvtres.write.1.tlog
c:\files\map2dimageto3dcadmodel\windowsformslab\debug\link.43904.read.1.tlog
c:\files\map2dimageto3dcadmodel\windowsformslab\debug\link.43904.write.1.tlog
c:\files\map2dimageto3dcadmodel\windowsformslab\debug\link.44456-cvtres.read.1.tlog
c:\files\map2dimageto3dcadmodel\windowsformslab\debug\link.44456-cvtres.write.1.tlog
c:\files\map2dimageto3dcadmodel\windowsformslab\debug\link.44456.read.1.tlog
c:\files\map2dimageto3dcadmodel\windowsformslab\debug\link.44456.write.1.tlog
c:\files\map2dimageto3dcadmodel\windowsformslab\debug\link.46480-cvtres.read.1.tlog
c:\files\map2dimageto3dcadmodel\windowsformslab\debug\link.46480-cvtres.write.1.tlog
c:\files\map2dimageto3dcadmodel\windowsformslab\debug\link.46480.read.1.tlog
c:\files\map2dimageto3dcadmodel\windowsformslab\debug\link.46480.write.1.tlog
c:\files\map2dimageto3dcadmodel\windowsformslab\debug\link.46788-cvtres.read.1.tlog
c:\files\map2dimageto3dcadmodel\windowsformslab\debug\link.46788-cvtres.write.1.tlog
c:\files\map2dimageto3dcadmodel\windowsformslab\debug\link.46788.read.1.tlog
c:\files\map2dimageto3dcadmodel\windowsformslab\debug\link.46788.write.1.tlog
c:\files\map2dimageto3dcadmodel\windowsformslab\debug\link.47944-cvtres.read.1.tlog
c:\files\map2dimageto3dcadmodel\windowsformslab\debug\link.47944-cvtres.write.1.tlog
c:\files\map2dimageto3dcadmodel\windowsformslab\debug\link.47944.read.1.tlog
c:\files\map2dimageto3dcadmodel\windowsformslab\debug\link.47944.write.1.tlog
c:\files\map2dimageto3dcadmodel\windowsformslab\debug\link.48316-cvtres.read.1.tlog
c:\files\map2dimageto3dcadmodel\windowsformslab\debug\link.48316-cvtres.write.1.tlog
c:\files\map2dimageto3dcadmodel\windowsformslab\debug\link.48316.read.1.tlog
c:\files\map2dimageto3dcadmodel\windowsformslab\debug\link.48316.write.1.tlog
c:\files\map2dimageto3dcadmodel\windowsformslab\debug\link.48792-cvtres.read.1.tlog
c:\files\map2dimageto3dcadmodel\windowsformslab\debug\link.48792-cvtres.write.1.tlog
c:\files\map2dimageto3dcadmodel\windowsformslab\debug\link.48792.read.1.tlog
c:\files\map2dimageto3dcadmodel\windowsformslab\debug\link.48792.write.1.tlog
c:\files\map2dimageto3dcadmodel\windowsformslab\debug\link.48812-cvtres.read.1.tlog
c:\files\map2dimageto3dcadmodel\windowsformslab\debug\link.48812-cvtres.write.1.tlog
c:\files\map2dimageto3dcadmodel\windowsformslab\debug\link.48812.read.1.tlog
c:\files\map2dimageto3dcadmodel\windowsformslab\debug\link.48812.write.1.tlog
c:\files\map2dimageto3dcadmodel\windowsformslab\debug\link.49020-cvtres.read.1.tlog
c:\files\map2dimageto3dcadmodel\windowsformslab\debug\link.49020-cvtres.write.1.tlog
c:\files\map2dimageto3dcadmodel\windowsformslab\debug\link.49020.read.1.tlog
c:\files\map2dimageto3dcadmodel\windowsformslab\debug\link.49020.write.1.tlog
c:\files\map2dimageto3dcadmodel\windowsformslab\debug\link.49096-cvtres.read.1.tlog
c:\files\map2dimageto3dcadmodel\windowsformslab\debug\link.49096-cvtres.write.1.tlog
c:\files\map2dimageto3dcadmodel\windowsformslab\debug\link.49096.read.1.tlog
c:\files\map2dimageto3dcadmodel\windowsformslab\debug\link.49096.write.1.tlog
c:\files\map2dimageto3dcadmodel\windowsformslab\debug\link.49804-cvtres.read.1.tlog
c:\files\map2dimageto3dcadmodel\windowsformslab\debug\link.49804-cvtres.write.1.tlog
c:\files\map2dimageto3dcadmodel\windowsformslab\debug\link.49804.read.1.tlog
c:\files\map2dimageto3dcadmodel\windowsformslab\debug\link.49804.write.1.tlog
c:\files\map2dimageto3dcadmodel\windowsformslab\debug\link.50860-cvtres.read.1.tlog
c:\files\map2dimageto3dcadmodel\windowsformslab\debug\link.50860-cvtres.write.1.tlog
c:\files\map2dimageto3dcadmodel\windowsformslab\debug\link.50860.read.1.tlog
c:\files\map2dimageto3dcadmodel\windowsformslab\debug\link.50860.write.1.tlog
c:\files\map2dimageto3dcadmodel\windowsformslab\debug\link.51136-cvtres.read.1.tlog
c:\files\map2dimageto3dcadmodel\windowsformslab\debug\link.51136-cvtres.write.1.tlog
c:\files\map2dimageto3dcadmodel\windowsformslab\debug\link.51136.read.1.tlog
c:\files\map2dimageto3dcadmodel\windowsformslab\debug\link.51136.write.1.tlog
c:\files\map2dimageto3dcadmodel\windowsformslab\debug\link.5720-cvtres.read.1.tlog
c:\files\map2dimageto3dcadmodel\windowsformslab\debug\link.5720-cvtres.write.1.tlog
c:\files\map2dimageto3dcadmodel\windowsformslab\debug\link.5720.read.1.tlog
c:\files\map2dimageto3dcadmodel\windowsformslab\debug\link.5720.write.1.tlog
c:\files\map2dimageto3dcadmodel\windowsformslab\debug\link.6188-cvtres.read.1.tlog
c:\files\map2dimageto3dcadmodel\windowsformslab\debug\link.6188-cvtres.write.1.tlog
c:\files\map2dimageto3dcadmodel\windowsformslab\debug\link.6188.read.1.tlog
c:\files\map2dimageto3dcadmodel\windowsformslab\debug\link.6188.write.1.tlog
c:\files\map2dimageto3dcadmodel\windowsformslab\debug\link.6344-cvtres.read.1.tlog
c:\files\map2dimageto3dcadmodel\windowsformslab\debug\link.6344-cvtres.write.1.tlog
c:\files\map2dimageto3dcadmodel\windowsformslab\debug\link.6344.read.1.tlog
c:\files\map2dimageto3dcadmodel\windowsformslab\debug\link.6344.write.1.tlog
c:\files\map2dimageto3dcadmodel\windowsformslab\debug\link.6428-cvtres.read.1.tlog
c:\files\map2dimageto3dcadmodel\windowsformslab\debug\link.6428-cvtres.write.1.tlog
c:\files\map2dimageto3dcadmodel\windowsformslab\debug\link.6428.read.1.tlog
c:\files\map2dimageto3dcadmodel\windowsformslab\debug\link.6428.write.1.tlog
c:\files\map2dimageto3dcadmodel\windowsformslab\debug\link.7192-cvtres.read.1.tlog
c:\files\map2dimageto3dcadmodel\windowsformslab\debug\link.7192-cvtres.write.1.tlog
c:\files\map2dimageto3dcadmodel\windowsformslab\debug\link.7192.read.1.tlog
c:\files\map2dimageto3dcadmodel\windowsformslab\debug\link.7192.write.1.tlog
c:\files\map2dimageto3dcadmodel\windowsformslab\debug\link.7260-cvtres.read.1.tlog
c:\files\map2dimageto3dcadmodel\windowsformslab\debug\link.7260-cvtres.write.1.tlog
c:\files\map2dimageto3dcadmodel\windowsformslab\debug\link.7260.read.1.tlog
c:\files\map2dimageto3dcadmodel\windowsformslab\debug\link.7260.write.1.tlog
c:\files\map2dimageto3dcadmodel\windowsformslab\debug\link.7304-cvtres.read.1.tlog
c:\files\map2dimageto3dcadmodel\windowsformslab\debug\link.7304-cvtres.write.1.tlog
c:\files\map2dimageto3dcadmodel\windowsformslab\debug\link.7304.read.1.tlog
c:\files\map2dimageto3dcadmodel\windowsformslab\debug\link.7304.write.1.tlog
c:\files\map2dimageto3dcadmodel\windowsformslab\debug\link.7600-cvtres.read.1.tlog
c:\files\map2dimageto3dcadmodel\windowsformslab\debug\link.7600-cvtres.write.1.tlog
c:\files\map2dimageto3dcadmodel\windowsformslab\debug\link.7600.read.1.tlog
c:\files\map2dimageto3dcadmodel\windowsformslab\debug\link.7600.write.1.tlog
c:\files\map2dimageto3dcadmodel\windowsformslab\debug\link.8012-cvtres.read.1.tlog
c:\files\map2dimageto3dcadmodel\windowsformslab\debug\link.8012-cvtres.write.1.tlog
c:\files\map2dimageto3dcadmodel\windowsformslab\debug\link.8012.read.1.tlog
c:\files\map2dimageto3dcadmodel\windowsformslab\debug\link.8012.write.1.tlog
c:\files\map2dimageto3dcadmodel\windowsformslab\debug\link.8208-cvtres.read.1.tlog
c:\files\map2dimageto3dcadmodel\windowsformslab\debug\link.8208-cvtres.write.1.tlog
c:\files\map2dimageto3dcadmodel\windowsformslab\debug\link.8208.read.1.tlog
c:\files\map2dimageto3dcadmodel\windowsformslab\debug\link.8208.write.1.tlog
c:\files\map2dimageto3dcadmodel\windowsformslab\debug\link.8304-cvtres.read.1.tlog
c:\files\map2dimageto3dcadmodel\windowsformslab\debug\link.8304-cvtres.write.1.tlog
c:\files\map2dimageto3dcadmodel\windowsformslab\debug\link.8304.read.1.tlog
c:\files\map2dimageto3dcadmodel\windowsformslab\debug\link.8304.write.1.tlog
c:\files\map2dimageto3dcadmodel\windowsformslab\debug\link.8484-cvtres.read.1.tlog
c:\files\map2dimageto3dcadmodel\windowsformslab\debug\link.8484-cvtres.write.1.tlog
c:\files\map2dimageto3dcadmodel\windowsformslab\debug\link.8484.read.1.tlog
c:\files\map2dimageto3dcadmodel\windowsformslab\debug\link.8484.write.1.tlog
c:\files\map2dimageto3dcadmodel\windowsformslab\debug\link.8520-cvtres.read.1.tlog
c:\files\map2dimageto3dcadmodel\windowsformslab\debug\link.8520-cvtres.write.1.tlog
c:\files\map2dimageto3dcadmodel\windowsformslab\debug\link.8520.read.1.tlog
c:\files\map2dimageto3dcadmodel\windowsformslab\debug\link.8520.write.1.tlog
c:\files\map2dimageto3dcadmodel\windowsformslab\debug\link.8592-cvtres.read.1.tlog
c:\files\map2dimageto3dcadmodel\windowsformslab\debug\link.8592-cvtres.write.1.tlog
c:\files\map2dimageto3dcadmodel\windowsformslab\debug\link.8592.read.1.tlog
c:\files\map2dimageto3dcadmodel\windowsformslab\debug\link.8592.write.1.tlog
c:\files\map2dimageto3dcadmodel\windowsformslab\debug\link.8604-cvtres.read.1.tlog
c:\files\map2dimageto3dcadmodel\windowsformslab\debug\link.8604-cvtres.write.1.tlog
c:\files\map2dimageto3dcadmodel\windowsformslab\debug\link.8604.read.1.tlog
c:\files\map2dimageto3dcadmodel\windowsformslab\debug\link.8604.write.1.tlog
c:\files\map2dimageto3dcadmodel\windowsformslab\debug\link.9024-cvtres.read.1.tlog
c:\files\map2dimageto3dcadmodel\windowsformslab\debug\link.9024-cvtres.write.1.tlog
c:\files\map2dimageto3dcadmodel\windowsformslab\debug\link.9024.read.1.tlog
c:\files\map2dimageto3dcadmodel\windowsformslab\debug\link.9024.write.1.tlog
c:\files\map2dimageto3dcadmodel\windowsformslab\debug\link.9220-cvtres.read.1.tlog
c:\files\map2dimageto3dcadmodel\windowsformslab\debug\link.9220-cvtres.write.1.tlog
c:\files\map2dimageto3dcadmodel\windowsformslab\debug\link.9220.read.1.tlog
c:\files\map2dimageto3dcadmodel\windowsformslab\debug\link.9220.write.1.tlog
c:\files\map2dimageto3dcadmodel\windowsformslab\debug\link.9272-cvtres.read.1.tlog
c:\files\map2dimageto3dcadmodel\windowsformslab\debug\link.9272-cvtres.write.1.tlog
c:\files\map2dimageto3dcadmodel\windowsformslab\debug\link.9272.read.1.tlog
c:\files\map2dimageto3dcadmodel\windowsformslab\debug\link.9272.write.1.tlog
c:\files\map2dimageto3dcadmodel\windowsformslab\debug\link.9408-cvtres.read.1.tlog
c:\files\map2dimageto3dcadmodel\windowsformslab\debug\link.9408-cvtres.write.1.tlog
c:\files\map2dimageto3dcadmodel\windowsformslab\debug\link.9408.read.1.tlog
c:\files\map2dimageto3dcadmodel\windowsformslab\debug\link.9408.write.1.tlog
c:\files\map2dimageto3dcadmodel\windowsformslab\debug\link.9428-cvtres.read.1.tlog
c:\files\map2dimageto3dcadmodel\windowsformslab\debug\link.9428-cvtres.write.1.tlog
c:\files\map2dimageto3dcadmodel\windowsformslab\debug\link.9428.read.1.tlog
c:\files\map2dimageto3dcadmodel\windowsformslab\debug\link.9428.write.1.tlog
c:\files\map2dimageto3dcadmodel\windowsformslab\debug\link.9508-cvtres.read.1.tlog
c:\files\map2dimageto3dcadmodel\windowsformslab\debug\link.9508-cvtres.write.1.tlog
c:\files\map2dimageto3dcadmodel\windowsformslab\debug\link.9508.read.1.tlog
c:\files\map2dimageto3dcadmodel\windowsformslab\debug\link.9508.write.1.tlog
c:\files\map2dimageto3dcadmodel\windowsformslab\debug\link.command.1.tlog
c:\files\map2dimageto3dcadmodel\windowsformslab\debug\link.read.1.tlog
c:\files\map2dimageto3dcadmodel\windowsformslab\debug\link.write.1.tlog
c:\files\map2dimageto3dcadmodel\windowsformslab\debug\metagen.read.1.tlog
c:\files\map2dimageto3dcadmodel\windowsformslab\debug\metagen.write.1.tlog
c:\files\map2dimageto3dcadmodel\windowsformslab\debug\mt.command.1.tlog
c:\files\map2dimageto3dcadmodel\windowsformslab\debug\mt.read.1.tlog
c:\files\map2dimageto3dcadmodel\windowsformslab\debug\mt.write.1.tlog
c:\files\map2dimageto3dcadmodel\windowsformslab\debug\rc.command.1.tlog
c:\files\map2dimageto3dcadmodel\windowsformslab\debug\rc.read.1.tlog
c:\files\map2dimageto3dcadmodel\windowsformslab\debug\rc.write.1.tlog
c:\files\map2dimageto3dcadmodel\windowsformslab\debug\windowsformslab.write.1.tlog
c:\files\map2dimageto3dcadmodel\windowsformslab\debug\windowsformslab.exe.intermediate.manifest
c:\files\map2dimageto3dcadmodel\windowsformslab\debug\vc100.pdb
c:\files\map2dimageto3dcadmodel\windowsformslab\debug\tzres.dll.bi
c:\files\map2dimageto3dcadmodel\debug\windowsformslab.pdb
c:\files\map2dimageto3dcadmodel\debug\windowsformslab.ilk
c:\files\map2dimageto3dcadmodel\windowsformslab\debug\windowsformslab.tlog\cl.command.1.tlog
c:\files\map2dimageto3dcadmodel\windowsformslab\debug\windowsformslab.tlog\cl.read.1.tlog
c:\files\map2dimageto3dcadmodel\windowsformslab\debug\windowsformslab.tlog\cl.write.1.tlog
c:\files\map2dimageto3dcadmodel\windowsformslab\debug\windowsformslab.tlog\link.264-cvtres.read.1.tlog
c:\files\map2dimageto3dcadmodel\windowsformslab\debug\windowsformslab.tlog\link.264-cvtres.write.1.tlog
c:\files\map2dimageto3dcadmodel\windowsformslab\debug\windowsformslab.tlog\link.264-rc.read.1.tlog
c:\files\map2dimageto3dcadmodel\windowsformslab\debug\windowsformslab.tlog\link.264-rc.write.1.tlog
c:\files\map2dimageto3dcadmodel\windowsformslab\debug\windowsformslab.tlog\link.264.read.1.tlog
c:\files\map2dimageto3dcadmodel\windowsformslab\debug\windowsformslab.tlog\link.264.write.1.tlog
c:\files\map2dimageto3dcadmodel\windowsformslab\debug\windowsformslab.tlog\link.command.1.tlog
c:\files\map2dimageto3dcadmodel\windowsformslab\debug\windowsformslab.tlog\link.read.1.tlog
c:\files\map2dimageto3dcadmodel\windowsformslab\debug\windowsformslab.tlog\link.write.1.tlog
c:\files\map2dimageto3dcadmodel\windowsformslab\debug\windowsformslab.tlog\metagen.read.1.tlog
c:\files\map2dimageto3dcadmodel\windowsformslab\debug\windowsformslab.tlog\metagen.write.1.tlog
c:\files\map2dimageto3dcadmodel\windowsformslab\debug\windowsformslab.tlog\rc.command.1.tlog
c:\files\map2dimageto3dcadmodel\windowsformslab\debug\windowsformslab.tlog\rc.read.1.tlog
c:\files\map2dimageto3dcadmodel\windowsformslab\debug\windowsformslab.tlog\rc.write.1.tlog
c:\files\map2dimageto3dcadmodel\windowsformslab\debug\windowsformslab.tlog\resgen.command.1.tlog
c:\files\map2dimageto3dcadmodel\windowsformslab\debug\windowsformslab.tlog\resgen.read.1.tlog
c:\files\map2dimageto3dcadmodel\windowsformslab\debug\windowsformslab.tlog\resgen.write.1.tlog
